<?xml version="1.0" encoding="UTF-8"?>
<!-- Generated by org.testng.reporters.JUnitReportReporter -->
<testsuite skipped="0" hostname="NCS-110418GM03" name="testNGRunFailedTC.RunFailedCasesExample" tests="1" failures="0" timestamp="25 Aug 2018 08:05:17 GMT" time="0.497" errors="0">
  <testcase name="failedruns" time="0.497" classname="testNGRunFailedTC.RunFailedCasesExample"/>
</testsuite> <!-- testNGRunFailedTC.RunFailedCasesExample -->
