<?xml version="1.0" encoding="UTF-8"?>
<!-- Generated by org.testng.reporters.JUnitReportReporter -->
<testsuite skipped="0" hostname="NCS-110418GM03" name="testNGExamples.MercuryToursExample" tests="2" failures="0" timestamp="25 Aug 2018 00:38:26 GMT" time="7.125" errors="0">
  <testcase name="support" time="3.104" classname="testNGExamples.MercuryToursExample"/>
  <testcase name="register" time="4.021" classname="testNGExamples.MercuryToursExample"/>
</testsuite> <!-- testNGExamples.MercuryToursExample -->
