<?xml version="1.0" encoding="UTF-8"?>
<!-- Generated by org.testng.reporters.JUnitReportReporter -->
<testsuite skipped="0" hostname="NCS-110418GM03" name="pageObjectFactoryTest.LoginTest" tests="1" failures="0" timestamp="29 Aug 2018 02:18:52 GMT" time="1.046" errors="0">
  <testcase name="loginToRediff" time="1.046" classname="pageObjectFactoryTest.LoginTest"/>
</testsuite> <!-- pageObjectFactoryTest.LoginTest -->
