<?xml version="1.0" encoding="UTF-8"?>
<!-- Generated by org.testng.reporters.JUnitReportReporter -->
<testsuite skipped="0" hostname="NCS-110418GM03" name="testNGExamples.TestNGExample1" tests="3" failures="0" timestamp="27 Aug 2018 03:05:34 GMT" time="0.014" errors="0">
  <testcase name="login" time="0.010" classname="testNGExamples.TestNGExample1"/>
  <testcase name="initialize" time="0.002" classname="testNGExamples.TestNGExample1"/>
  <testcase name="logout" time="0.002" classname="testNGExamples.TestNGExample1"/>
</testsuite> <!-- testNGExamples.TestNGExample1 -->
