<?xml version="1.0" encoding="UTF-8"?>
<!-- Generated by org.testng.reporters.JUnitReportReporter -->
<testsuite skipped="0" hostname="NCS-110418GM03" name="FindCoordinates" tests="1" failures="0" timestamp="23 Aug 2018 11:59:57 GMT" time="13.759" errors="0">
  <testcase name="findLocationcoordinates" time="13.759" classname="FindCoordinates"/>
</testsuite> <!-- FindCoordinates -->
