<?xml version="1.0" encoding="UTF-8"?>
<!-- Generated by org.testng.reporters.JUnitReportReporter -->
<testsuite skipped="0" hostname="NCS-110418GM03" name="assertExample.AssertDemo" tests="1" failures="0" timestamp="16 Aug 2018 07:47:16 GMT" time="0.010" errors="0">
  <testcase name="test1" time="0.010" classname="assertExample.AssertDemo"/>
</testsuite> <!-- assertExample.AssertDemo -->
