<?xml version="1.0" encoding="UTF-8"?>
<!-- Generated by org.testng.reporters.JUnitReportReporter -->
<testsuite skipped="0" hostname="NCS-110418GM03" name="objectRepositoryExample.LoginTest" tests="1" failures="0" timestamp="29 Aug 2018 04:32:34 GMT" time="0.963" errors="0">
  <testcase name="loginToRediff" time="0.963" classname="objectRepositoryExample.LoginTest"/>
</testsuite> <!-- objectRepositoryExample.LoginTest -->
