<?xml version="1.0" encoding="UTF-8"?>
<!-- Generated by org.testng.reporters.JUnitReportReporter -->
<testsuite skipped="0" hostname="NCS-110418GM03" name="test.ActualLoginTest" tests="1" failures="0" timestamp="26 Aug 2018 11:34:07 GMT" time="2.725" errors="0">
  <testcase name="TestHomePageAppearCorrect" time="2.725" classname="test.ActualLoginTest"/>
</testsuite> <!-- test.ActualLoginTest -->
