<?xml version="1.0" encoding="UTF-8"?>
<!-- Generated by org.testng.reporters.JUnitReportReporter -->
<testsuite skipped="0" hostname="NCS-110418GM03" name="pageObjectSingtelLoginTest.LoginTest" tests="1" failures="0" timestamp="31 Aug 2018 04:26:18 GMT" time="2.482" errors="0">
  <testcase name="login" time="2.482" classname="pageObjectSingtelLoginTest.LoginTest"/>
</testsuite> <!-- pageObjectSingtelLoginTest.LoginTest -->
