<?xml version="1.0" encoding="UTF-8"?>
<!-- Generated by org.testng.reporters.JUnitReportReporter -->
<testsuite skipped="0" hostname="NCS-110418GM03" name="dataProvidersAndParameters.ParametersDemo" tests="1" failures="0" timestamp="25 Aug 2018 09:16:34 GMT" time="0.087" errors="0">
  <testcase name="searchGoogle" time="0.087" classname="dataProvidersAndParameters.ParametersDemo"/>
</testsuite> <!-- dataProvidersAndParameters.ParametersDemo -->
