<?xml version="1.0" encoding="UTF-8"?>
<!-- Generated by org.testng.reporters.JUnitReportReporter -->
<testsuite skipped="0" hostname="NCS-110418GM03" name="testNGRunFailedTC.Test1" tests="1" failures="0" timestamp="25 Aug 2018 08:05:17 GMT" time="0.007" errors="0">
  <testcase name="verifyGmail" time="0.007" classname="testNGRunFailedTC.Test1"/>
</testsuite> <!-- testNGRunFailedTC.Test1 -->
