<?xml version="1.0" encoding="UTF-8"?>
<!-- Generated by org.testng.reporters.JUnitReportReporter -->
<testsuite skipped="0" hostname="NCS-110418GM03" name="testNGExamples.TestNGExample3" tests="3" failures="0" timestamp="25 Aug 2018 07:25:39 GMT" time="0.025" errors="0">
  <testcase name="login" time="0.008" classname="testNGExamples.TestNGExample3"/>
  <testcase name="initialize" time="0.008" classname="testNGExamples.TestNGExample3"/>
  <testcase name="logout" time="0.009" classname="testNGExamples.TestNGExample3"/>
</testsuite> <!-- testNGExamples.TestNGExample3 -->
