<?xml version="1.0" encoding="UTF-8"?>
<!-- Generated by org.testng.reporters.JUnitReportReporter -->
<testsuite skipped="0" hostname="NCS-110418GM03" name="CrossBrowserusingTestNG.CrossBrowserDemo" tests="2" failures="0" timestamp="25 Aug 2018 09:46:32 GMT" time="145.090" errors="0">
  <testcase name="VerifyTitle" time="72.199" classname="CrossBrowserusingTestNG.CrossBrowserDemo"/>
  <testcase name="VerifyTitle" time="72.891" classname="CrossBrowserusingTestNG.CrossBrowserDemo"/>
</testsuite> <!-- CrossBrowserusingTestNG.CrossBrowserDemo -->
