<?xml version="1.0" encoding="UTF-8"?>
<!-- Generated by org.testng.reporters.JUnitReportReporter -->
<testsuite skipped="0" hostname="NCS-110418GM03" name="dataProvidersAndParameters.DataProvideDemo" tests="3" failures="0" timestamp="25 Aug 2018 10:05:27 GMT" time="200.109" errors="0">
  <testcase name="searchGoogle" time="68.652" classname="dataProvidersAndParameters.DataProvideDemo"/>
  <testcase name="searchGoogle" time="65.838" classname="dataProvidersAndParameters.DataProvideDemo"/>
  <testcase name="searchGoogle" time="65.619" classname="dataProvidersAndParameters.DataProvideDemo"/>
</testsuite> <!-- dataProvidersAndParameters.DataProvideDemo -->
