<?xml version="1.0" encoding="UTF-8"?>
<!-- Generated by org.testng.reporters.JUnitReportReporter -->
<testsuite skipped="0" hostname="NCS-110418GM03" name="testNGReporterExamples.ReporterDemo" tests="2" failures="0" timestamp="25 Aug 2018 08:40:01 GMT" time="6.206" errors="0">
  <testcase name="register" time="3.558" classname="testNGReporterExamples.ReporterDemo"/>
  <testcase name="support" time="2.648" classname="testNGReporterExamples.ReporterDemo"/>
</testsuite> <!-- testNGReporterExamples.ReporterDemo -->
